[2022-04-22 20:33:22,220] multiqc                                            [DEBUG  ]  This is MultiQC v1.12
[2022-04-22 20:33:22,220] multiqc                                            [DEBUG  ]  No MultiQC config found: /home/khoidnyds/miniconda3/envs/bio_tophat/lib/python3.9/site-packages/multiqc_config.yaml
[2022-04-22 20:33:22,220] multiqc                                            [DEBUG  ]  No MultiQC config found: /home/khoidnyds/.multiqc_config.yaml
[2022-04-22 20:33:22,220] multiqc                                            [DEBUG  ]  No MultiQC config found: multiqc_config.yaml
[2022-04-22 20:33:22,220] multiqc                                            [DEBUG  ]  Command used: /home/khoidnyds/miniconda3/envs/bio_tophat/bin/multiqc 1.fastqc -f -o 2.multiqc
[2022-04-22 20:33:22,678] multiqc                                            [DEBUG  ]  Latest MultiQC version is v1.12
[2022-04-22 20:33:22,678] multiqc                                            [DEBUG  ]  Command     : /home/khoidnyds/miniconda3/envs/bio_tophat/bin/multiqc 1.fastqc -f -o 2.multiqc
[2022-04-22 20:33:22,678] multiqc                                            [DEBUG  ]  Working dir : /home/khoidnyds/RNAseq_old
[2022-04-22 20:33:22,678] multiqc                                            [DEBUG  ]  Template    : default
[2022-04-22 20:33:22,678] multiqc                                            [DEBUG  ]  Running Python 3.9.12 | packaged by conda-forge | (main, Mar 24 2022, 23:25:59)  [GCC 10.3.0]
[2022-04-22 20:33:22,678] multiqc                                            [DEBUG  ]  Analysing modules: custom_content, ccs, ngsderive, purple, conpair, lima, peddy, somalier, methylQA, mosdepth, phantompeakqualtools, qualimap, preseq, quast, qorts, rna_seqc, rockhopper, rsem, rseqc, busco, bustools, goleft_indexcov, gffcompare, disambiguate, supernova, deeptools, sargasso, verifybamid, mirtrace, happy, mirtop, sambamba, homer, hops, macs2, theta2, snpeff, gatk, htseq, bcftools, featureCounts, fgbio, dragen, dedup, pbmarkdup, damageprofiler, biobambam2, jcvi, mtnucratio, picard, vep, sentieon, prokka, qc3C, nanostat, samblaster, samtools, sexdeterrmine, eigenstratdatabasetools, bamtools, jellyfish, vcftools, longranger, stacks, varscan2, snippy, bbmap, bismark, biscuit, hicexplorer, hicup, hicpro, salmon, kallisto, slamdunk, star, hisat2, tophat, bowtie2, bowtie1, snpsplit, odgi, pangolin, kat, leehom, adapterRemoval, clipandmerge, cutadapt, flexbar, kaiju, kraken, malt, trimmomatic, sickle, skewer, sortmerna, biobloomtools, fastq_screen, afterqc, fastp, fastqc, pychopper, pycoqc, minionqc, multivcfanalyzer, clusterflow, checkqc, bcl2fastq, bclconvert, interop, ivar, flash, seqyclean, optitype, whatshap
[2022-04-22 20:33:22,678] multiqc                                            [DEBUG  ]  Using temporary directory for creating report: /localscratch/tmpgkor94jz
[2022-04-22 20:33:22,859] multiqc                                            [INFO   ]  Search path : /home/khoidnyds/RNAseq_old/1.fastqc
[2022-04-22 20:33:22,891] multiqc                                            [DEBUG  ]  File ignored by ccs/v4 because it exceeded search pattern filesize limit: SRR14689340_lymphoblastic_fastqc.html
[2022-04-22 20:33:22,897] multiqc                                            [DEBUG  ]  File ignored by hicexplorer because it exceeded search pattern filesize limit: SRR14689340_lymphoblastic_fastqc.html
[2022-04-22 20:33:22,897] multiqc                                            [DEBUG  ]  File ignored by lima/summary because it exceeded search pattern filesize limit: SRR14689340_lymphoblastic_fastqc.html
[2022-04-22 20:33:22,907] multiqc                                            [DEBUG  ]  File ignored by vep/vep_txt because it exceeded search pattern filesize limit: SRR14689340_lymphoblastic_fastqc.html
[2022-04-22 20:33:22,908] multiqc                                            [DEBUG  ]  File ignored by longranger/invocation because it exceeded search pattern filesize limit: SRR14689340_lymphoblastic_fastqc.html
[2022-04-22 20:33:22,944] multiqc                                            [DEBUG  ]  File ignored by nanostat because it exceeded search pattern filesize limit: SRR14689340_lymphoblastic_fastqc.html
[2022-04-22 20:33:22,958] multiqc                                            [DEBUG  ]  File ignored by ccs/v4 because it exceeded search pattern filesize limit: SRR14689338_mixed_fastqc.html
[2022-04-22 20:33:22,963] multiqc                                            [DEBUG  ]  File ignored by hicexplorer because it exceeded search pattern filesize limit: SRR14689338_mixed_fastqc.html
[2022-04-22 20:33:22,963] multiqc                                            [DEBUG  ]  File ignored by lima/summary because it exceeded search pattern filesize limit: SRR14689338_mixed_fastqc.html
[2022-04-22 20:33:22,974] multiqc                                            [DEBUG  ]  File ignored by vep/vep_txt because it exceeded search pattern filesize limit: SRR14689338_mixed_fastqc.html
[2022-04-22 20:33:22,974] multiqc                                            [DEBUG  ]  File ignored by longranger/invocation because it exceeded search pattern filesize limit: SRR14689338_mixed_fastqc.html
[2022-04-22 20:33:23,011] multiqc                                            [DEBUG  ]  File ignored by nanostat because it exceeded search pattern filesize limit: SRR14689338_mixed_fastqc.html
[2022-04-22 20:33:23,023] multiqc                                            [DEBUG  ]  File ignored by ccs/v4 because it exceeded search pattern filesize limit: SRR14689339_mixed_fastqc.html
[2022-04-22 20:33:23,028] multiqc                                            [DEBUG  ]  File ignored by hicexplorer because it exceeded search pattern filesize limit: SRR14689339_mixed_fastqc.html
[2022-04-22 20:33:23,029] multiqc                                            [DEBUG  ]  File ignored by lima/summary because it exceeded search pattern filesize limit: SRR14689339_mixed_fastqc.html
[2022-04-22 20:33:23,038] multiqc                                            [DEBUG  ]  File ignored by vep/vep_txt because it exceeded search pattern filesize limit: SRR14689339_mixed_fastqc.html
[2022-04-22 20:33:23,038] multiqc                                            [DEBUG  ]  File ignored by longranger/invocation because it exceeded search pattern filesize limit: SRR14689339_mixed_fastqc.html
[2022-04-22 20:33:23,074] multiqc                                            [DEBUG  ]  File ignored by nanostat because it exceeded search pattern filesize limit: SRR14689339_mixed_fastqc.html
[2022-04-22 20:33:23,086] multiqc                                            [DEBUG  ]  File ignored by ccs/v4 because it exceeded search pattern filesize limit: SRR14689341_lymphoblastic_fastqc.html
[2022-04-22 20:33:23,091] multiqc                                            [DEBUG  ]  File ignored by hicexplorer because it exceeded search pattern filesize limit: SRR14689341_lymphoblastic_fastqc.html
[2022-04-22 20:33:23,092] multiqc                                            [DEBUG  ]  File ignored by lima/summary because it exceeded search pattern filesize limit: SRR14689341_lymphoblastic_fastqc.html
[2022-04-22 20:33:23,101] multiqc                                            [DEBUG  ]  File ignored by vep/vep_txt because it exceeded search pattern filesize limit: SRR14689341_lymphoblastic_fastqc.html
[2022-04-22 20:33:23,101] multiqc                                            [DEBUG  ]  File ignored by longranger/invocation because it exceeded search pattern filesize limit: SRR14689341_lymphoblastic_fastqc.html
[2022-04-22 20:33:23,137] multiqc                                            [DEBUG  ]  File ignored by nanostat because it exceeded search pattern filesize limit: SRR14689341_lymphoblastic_fastqc.html
[2022-04-22 20:33:23,150] multiqc                                            [DEBUG  ]  File ignored by ccs/v4 because it exceeded search pattern filesize limit: SRR14689344_myeloid_fastqc.html
[2022-04-22 20:33:23,155] multiqc                                            [DEBUG  ]  File ignored by hicexplorer because it exceeded search pattern filesize limit: SRR14689344_myeloid_fastqc.html
[2022-04-22 20:33:23,155] multiqc                                            [DEBUG  ]  File ignored by lima/summary because it exceeded search pattern filesize limit: SRR14689344_myeloid_fastqc.html
[2022-04-22 20:33:23,164] multiqc                                            [DEBUG  ]  File ignored by vep/vep_txt because it exceeded search pattern filesize limit: SRR14689344_myeloid_fastqc.html
[2022-04-22 20:33:23,165] multiqc                                            [DEBUG  ]  File ignored by longranger/invocation because it exceeded search pattern filesize limit: SRR14689344_myeloid_fastqc.html
[2022-04-22 20:33:23,201] multiqc                                            [DEBUG  ]  File ignored by nanostat because it exceeded search pattern filesize limit: SRR14689344_myeloid_fastqc.html
[2022-04-22 20:33:23,213] multiqc                                            [DEBUG  ]  File ignored by ccs/v4 because it exceeded search pattern filesize limit: SRR14689345_myeloid_fastqc.html
[2022-04-22 20:33:23,218] multiqc                                            [DEBUG  ]  File ignored by hicexplorer because it exceeded search pattern filesize limit: SRR14689345_myeloid_fastqc.html
[2022-04-22 20:33:23,218] multiqc                                            [DEBUG  ]  File ignored by lima/summary because it exceeded search pattern filesize limit: SRR14689345_myeloid_fastqc.html
[2022-04-22 20:33:23,227] multiqc                                            [DEBUG  ]  File ignored by vep/vep_txt because it exceeded search pattern filesize limit: SRR14689345_myeloid_fastqc.html
[2022-04-22 20:33:23,227] multiqc                                            [DEBUG  ]  File ignored by longranger/invocation because it exceeded search pattern filesize limit: SRR14689345_myeloid_fastqc.html
[2022-04-22 20:33:23,262] multiqc                                            [DEBUG  ]  File ignored by nanostat because it exceeded search pattern filesize limit: SRR14689345_myeloid_fastqc.html
[2022-04-22 20:33:24,021] multiqc.plots.linegraph                            [DEBUG  ]  Using matplotlib version 3.5.1
[2022-04-22 20:33:24,023] multiqc.plots.bargraph                             [DEBUG  ]  Using matplotlib version 3.5.1
[2022-04-22 20:33:24,085] multiqc.modules.fastqc.fastqc                      [INFO   ]  Found 6 reports
[2022-04-22 20:33:24,196] multiqc                                            [INFO   ]  Compressing plot data
[2022-04-22 20:33:24,263] multiqc                                            [INFO   ]  Report      : 2.multiqc/multiqc_report.html
[2022-04-22 20:33:24,263] multiqc                                            [INFO   ]  Data        : 2.multiqc/multiqc_data
[2022-04-22 20:33:24,263] multiqc                                            [DEBUG  ]  Moving data file from '/localscratch/tmpgkor94jz/multiqc_data' to '2.multiqc/multiqc_data'
[2022-04-22 20:33:24,463] multiqc                                            [INFO   ]  MultiQC complete
