[2022-04-22 20:36:21,213] multiqc                                            [DEBUG  ]  This is MultiQC v1.12
[2022-04-22 20:36:21,213] multiqc                                            [DEBUG  ]  No MultiQC config found: /home/khoidnyds/miniconda3/envs/bio_tophat/lib/python3.9/site-packages/multiqc_config.yaml
[2022-04-22 20:36:21,213] multiqc                                            [DEBUG  ]  No MultiQC config found: /home/khoidnyds/.multiqc_config.yaml
[2022-04-22 20:36:21,213] multiqc                                            [DEBUG  ]  No MultiQC config found: multiqc_config.yaml
[2022-04-22 20:36:21,213] multiqc                                            [DEBUG  ]  Command used: /home/khoidnyds/miniconda3/envs/bio_tophat/bin/multiqc 3.cutadapt -f -o 4.multiqc
[2022-04-22 20:36:21,686] multiqc                                            [DEBUG  ]  Latest MultiQC version is v1.12
[2022-04-22 20:36:21,686] multiqc                                            [DEBUG  ]  Command     : /home/khoidnyds/miniconda3/envs/bio_tophat/bin/multiqc 3.cutadapt -f -o 4.multiqc
[2022-04-22 20:36:21,686] multiqc                                            [DEBUG  ]  Working dir : /home/khoidnyds/RNAseq_old
[2022-04-22 20:36:21,686] multiqc                                            [DEBUG  ]  Template    : default
[2022-04-22 20:36:21,686] multiqc                                            [DEBUG  ]  Running Python 3.9.12 | packaged by conda-forge | (main, Mar 24 2022, 23:25:59)  [GCC 10.3.0]
[2022-04-22 20:36:21,687] multiqc                                            [DEBUG  ]  Analysing modules: custom_content, ccs, ngsderive, purple, conpair, lima, peddy, somalier, methylQA, mosdepth, phantompeakqualtools, qualimap, preseq, quast, qorts, rna_seqc, rockhopper, rsem, rseqc, busco, bustools, goleft_indexcov, gffcompare, disambiguate, supernova, deeptools, sargasso, verifybamid, mirtrace, happy, mirtop, sambamba, homer, hops, macs2, theta2, snpeff, gatk, htseq, bcftools, featureCounts, fgbio, dragen, dedup, pbmarkdup, damageprofiler, biobambam2, jcvi, mtnucratio, picard, vep, sentieon, prokka, qc3C, nanostat, samblaster, samtools, sexdeterrmine, eigenstratdatabasetools, bamtools, jellyfish, vcftools, longranger, stacks, varscan2, snippy, bbmap, bismark, biscuit, hicexplorer, hicup, hicpro, salmon, kallisto, slamdunk, star, hisat2, tophat, bowtie2, bowtie1, snpsplit, odgi, pangolin, kat, leehom, adapterRemoval, clipandmerge, cutadapt, flexbar, kaiju, kraken, malt, trimmomatic, sickle, skewer, sortmerna, biobloomtools, fastq_screen, afterqc, fastp, fastqc, pychopper, pycoqc, minionqc, multivcfanalyzer, clusterflow, checkqc, bcl2fastq, bclconvert, interop, ivar, flash, seqyclean, optitype, whatshap
[2022-04-22 20:36:21,687] multiqc                                            [DEBUG  ]  Using temporary directory for creating report: /localscratch/tmprqfr83qw
[2022-04-22 20:36:21,857] multiqc                                            [INFO   ]  Search path : /home/khoidnyds/RNAseq_old/3.cutadapt
[2022-04-22 20:36:21,866] multiqc                                            [DEBUG  ]  Ignoring file as matched an ignore pattern: SRR14689344_myeloid_clean.fastq
[2022-04-22 20:36:21,925] multiqc                                            [DEBUG  ]  Ignoring file as matched an ignore pattern: SRR14689341_lymphoblastic_clean.fastq
[2022-04-22 20:36:22,010] multiqc                                            [DEBUG  ]  Ignoring file as matched an ignore pattern: SRR14689338_mixed_clean.fastq
[2022-04-22 20:36:22,011] multiqc                                            [DEBUG  ]  Ignoring file as matched an ignore pattern: SRR14689340_lymphoblastic_clean.fastq
[2022-04-22 20:36:22,095] multiqc                                            [DEBUG  ]  Ignoring file as matched an ignore pattern: SRR14689339_mixed_clean.fastq
[2022-04-22 20:36:22,096] multiqc                                            [DEBUG  ]  Ignoring file as matched an ignore pattern: SRR14689345_myeloid_clean.fastq
[2022-04-22 20:36:22,975] multiqc.plots.bargraph                             [DEBUG  ]  Using matplotlib version 3.5.1
[2022-04-22 20:36:22,976] multiqc.plots.linegraph                            [DEBUG  ]  Using matplotlib version 3.5.1
[2022-04-22 20:36:23,020] multiqc.modules.cutadapt.cutadapt                  [INFO   ]  Found 6 reports
[2022-04-22 20:36:23,026] multiqc                                            [INFO   ]  Compressing plot data
[2022-04-22 20:36:23,031] multiqc                                            [INFO   ]  Report      : 4.multiqc/multiqc_report.html
[2022-04-22 20:36:23,031] multiqc                                            [INFO   ]  Data        : 4.multiqc/multiqc_data
[2022-04-22 20:36:23,031] multiqc                                            [DEBUG  ]  Moving data file from '/localscratch/tmprqfr83qw/multiqc_data' to '4.multiqc/multiqc_data'
[2022-04-22 20:36:23,180] multiqc                                            [INFO   ]  MultiQC complete
