[2022-04-23 04:35:22,250] multiqc                                            [DEBUG  ]  This is MultiQC v1.12
[2022-04-23 04:35:22,250] multiqc                                            [DEBUG  ]  No MultiQC config found: /home/khoidnyds/miniconda3/envs/bio_tophat/lib/python3.9/site-packages/multiqc_config.yaml
[2022-04-23 04:35:22,250] multiqc                                            [DEBUG  ]  No MultiQC config found: /home/khoidnyds/.multiqc_config.yaml
[2022-04-23 04:35:22,250] multiqc                                            [DEBUG  ]  No MultiQC config found: multiqc_config.yaml
[2022-04-23 04:35:22,250] multiqc                                            [DEBUG  ]  Command used: /home/khoidnyds/miniconda3/envs/bio_tophat/bin/multiqc 8.features -f -o 9.multiqc
[2022-04-23 04:35:22,866] multiqc                                            [DEBUG  ]  Latest MultiQC version is v1.12
[2022-04-23 04:35:22,866] multiqc                                            [DEBUG  ]  Command     : /home/khoidnyds/miniconda3/envs/bio_tophat/bin/multiqc 8.features -f -o 9.multiqc
[2022-04-23 04:35:22,866] multiqc                                            [DEBUG  ]  Working dir : /home/khoidnyds/RNAseq_old
[2022-04-23 04:35:22,866] multiqc                                            [DEBUG  ]  Template    : default
[2022-04-23 04:35:22,866] multiqc                                            [DEBUG  ]  Running Python 3.9.12 | packaged by conda-forge | (main, Mar 24 2022, 23:25:59)  [GCC 10.3.0]
[2022-04-23 04:35:22,867] multiqc                                            [DEBUG  ]  Analysing modules: custom_content, ccs, ngsderive, purple, conpair, lima, peddy, somalier, methylQA, mosdepth, phantompeakqualtools, qualimap, preseq, quast, qorts, rna_seqc, rockhopper, rsem, rseqc, busco, bustools, goleft_indexcov, gffcompare, disambiguate, supernova, deeptools, sargasso, verifybamid, mirtrace, happy, mirtop, sambamba, homer, hops, macs2, theta2, snpeff, gatk, htseq, bcftools, featureCounts, fgbio, dragen, dedup, pbmarkdup, damageprofiler, biobambam2, jcvi, mtnucratio, picard, vep, sentieon, prokka, qc3C, nanostat, samblaster, samtools, sexdeterrmine, eigenstratdatabasetools, bamtools, jellyfish, vcftools, longranger, stacks, varscan2, snippy, bbmap, bismark, biscuit, hicexplorer, hicup, hicpro, salmon, kallisto, slamdunk, star, hisat2, tophat, bowtie2, bowtie1, snpsplit, odgi, pangolin, kat, leehom, adapterRemoval, clipandmerge, cutadapt, flexbar, kaiju, kraken, malt, trimmomatic, sickle, skewer, sortmerna, biobloomtools, fastq_screen, afterqc, fastp, fastqc, pychopper, pycoqc, minionqc, multivcfanalyzer, clusterflow, checkqc, bcl2fastq, bclconvert, interop, ivar, flash, seqyclean, optitype, whatshap
[2022-04-23 04:35:22,867] multiqc                                            [DEBUG  ]  Using temporary directory for creating report: /localscratch/tmpzp7mp_f1
[2022-04-23 04:35:23,036] multiqc                                            [INFO   ]  Search path : /home/khoidnyds/RNAseq_old/8.features
[2022-04-23 04:35:23,066] multiqc                                            [DEBUG  ]  File ignored by ccs/v4 because it exceeded search pattern filesize limit: features_matrix.txt
[2022-04-23 04:35:23,072] multiqc                                            [DEBUG  ]  File ignored by hicexplorer because it exceeded search pattern filesize limit: features_matrix.txt
[2022-04-23 04:35:23,072] multiqc                                            [DEBUG  ]  File ignored by lima/summary because it exceeded search pattern filesize limit: features_matrix.txt
[2022-04-23 04:35:23,082] multiqc                                            [DEBUG  ]  File ignored by vep/vep_html because it exceeded search pattern filesize limit: features_matrix.txt
[2022-04-23 04:35:23,082] multiqc                                            [DEBUG  ]  File ignored by vep/vep_txt because it exceeded search pattern filesize limit: features_matrix.txt
[2022-04-23 04:35:23,082] multiqc                                            [DEBUG  ]  File ignored by longranger/invocation because it exceeded search pattern filesize limit: features_matrix.txt
[2022-04-23 04:35:23,082] multiqc                                            [DEBUG  ]  File ignored by rockhopper because it exceeded search pattern filesize limit: features_matrix.txt
[2022-04-23 04:35:23,082] multiqc                                            [DEBUG  ]  File ignored by rseqc/bam_stat because it exceeded search pattern filesize limit: features_matrix.txt
[2022-04-23 04:35:23,082] multiqc                                            [DEBUG  ]  File ignored by rseqc/junction_annotation because it exceeded search pattern filesize limit: features_matrix.txt
[2022-04-23 04:35:23,082] multiqc                                            [DEBUG  ]  File ignored by rseqc/read_distribution because it exceeded search pattern filesize limit: features_matrix.txt
[2022-04-23 04:35:23,082] multiqc                                            [DEBUG  ]  File ignored by rseqc/infer_experiment because it exceeded search pattern filesize limit: features_matrix.txt
[2022-04-23 04:35:23,096] multiqc                                            [DEBUG  ]  File ignored by stacks/sumstats because it exceeded search pattern filesize limit: features_matrix.txt
[2022-04-23 04:35:23,707] multiqc                                            [DEBUG  ]  File ignored by nanostat because it exceeded search pattern filesize limit: features_matrix.txt
[2022-04-23 04:35:24,610] multiqc.plots.bargraph                             [DEBUG  ]  Using matplotlib version 3.5.1
[2022-04-23 04:35:24,644] multiqc.modules.featureCounts.feature_counts       [INFO   ]  Found 3 reports
[2022-04-23 04:35:24,648] multiqc                                            [INFO   ]  Compressing plot data
[2022-04-23 04:35:24,651] multiqc                                            [WARNING]  Deleting    : 9.multiqc/multiqc_report.html   (-f was specified)
[2022-04-23 04:35:24,654] multiqc                                            [WARNING]  Deleting    : 9.multiqc/multiqc_data   (-f was specified)
[2022-04-23 04:35:24,683] multiqc                                            [INFO   ]  Report      : 9.multiqc/multiqc_report.html
[2022-04-23 04:35:24,683] multiqc                                            [INFO   ]  Data        : 9.multiqc/multiqc_data
[2022-04-23 04:35:24,683] multiqc                                            [DEBUG  ]  Moving data file from '/localscratch/tmpzp7mp_f1/multiqc_data' to '9.multiqc/multiqc_data'
[2022-04-23 04:35:24,810] multiqc                                            [INFO   ]  MultiQC complete
